<?xml version="1.0" encoding="UTF-8"?>
<!-- Generated by org.testng.reporters.JUnitReportReporter -->
<testsuite hostname="DESKTOP-4J1LCJ7" name="com.frankbahar.cucumber.parallel.google.runner.SearchOutlineFeature" tests="1" failures="0" timestamp="20 Jun 2019 16:27:24 GMT" time="34.293" errors="0">
  <testcase name="runCukes" time="34.293" classname="com.frankbahar.cucumber.parallel.google.runner.SearchOutlineFeature"/>
</testsuite> <!-- com.frankbahar.cucumber.parallel.google.runner.SearchOutlineFeature -->
